Determining if the Q_WS_WIN exist failed with the following output:
Change Dir: /home/twak/code/2811_cw1/cmake-build-debug/CMakeFiles/CMakeTmp

Run Build Command(s):/usr/bin/make cmTC_85a91/fast && /usr/bin/make -f CMakeFiles/cmTC_85a91.dir/build.make CMakeFiles/cmTC_85a91.dir/build
make[1]: Entering directory '/home/twak/code/2811_cw1/cmake-build-debug/CMakeFiles/CMakeTmp'
Building CXX object CMakeFiles/cmTC_85a91.dir/CheckSymbolExists.cxx.o
/usr/bin/c++   -I/usr/include/qt4  -std=gnu++14 -o CMakeFiles/cmTC_85a91.dir/CheckSymbolExists.cxx.o -c /home/twak/code/2811_cw1/cmake-build-debug/CMakeFiles/CMakeTmp/CheckSymbolExists.cxx
/home/twak/code/2811_cw1/cmake-build-debug/CMakeFiles/CMakeTmp/CheckSymbolExists.cxx: In function ‘int main(int, char**)’:
/home/twak/code/2811_cw1/cmake-build-debug/CMakeFiles/CMakeTmp/CheckSymbolExists.cxx:8:19: error: ‘Q_WS_WIN’ was not declared in this scope
   return ((int*)(&Q_WS_WIN))[argc];
                   ^~~~~~~~
/home/twak/code/2811_cw1/cmake-build-debug/CMakeFiles/CMakeTmp/CheckSymbolExists.cxx:8:19: note: suggested alternative: ‘Q_WS_X11’
   return ((int*)(&Q_WS_WIN))[argc];
                   ^~~~~~~~
                   Q_WS_X11
CMakeFiles/cmTC_85a91.dir/build.make:65: recipe for target 'CMakeFiles/cmTC_85a91.dir/CheckSymbolExists.cxx.o' failed
make[1]: *** [CMakeFiles/cmTC_85a91.dir/CheckSymbolExists.cxx.o] Error 1
make[1]: Leaving directory '/home/twak/code/2811_cw1/cmake-build-debug/CMakeFiles/CMakeTmp'
Makefile:121: recipe for target 'cmTC_85a91/fast' failed
make: *** [cmTC_85a91/fast] Error 2


File /home/twak/code/2811_cw1/cmake-build-debug/CMakeFiles/CMakeTmp/CheckSymbolExists.cxx:
/* */
#include <QtCore/qglobal.h>

int main(int argc, char** argv)
{
  (void)argv;
#ifndef Q_WS_WIN
  return ((int*)(&Q_WS_WIN))[argc];
#else
  (void)argc;
  return 0;
#endif
}

Determining if the Q_WS_QWS exist failed with the following output:
Change Dir: /home/twak/code/2811_cw1/cmake-build-debug/CMakeFiles/CMakeTmp

Run Build Command(s):/usr/bin/make cmTC_c9adc/fast && /usr/bin/make -f CMakeFiles/cmTC_c9adc.dir/build.make CMakeFiles/cmTC_c9adc.dir/build
make[1]: Entering directory '/home/twak/code/2811_cw1/cmake-build-debug/CMakeFiles/CMakeTmp'
Building CXX object CMakeFiles/cmTC_c9adc.dir/CheckSymbolExists.cxx.o
/usr/bin/c++   -I/usr/include/qt4  -std=gnu++14 -o CMakeFiles/cmTC_c9adc.dir/CheckSymbolExists.cxx.o -c /home/twak/code/2811_cw1/cmake-build-debug/CMakeFiles/CMakeTmp/CheckSymbolExists.cxx
/home/twak/code/2811_cw1/cmake-build-debug/CMakeFiles/CMakeTmp/CheckSymbolExists.cxx: In function ‘int main(int, char**)’:
/home/twak/code/2811_cw1/cmake-build-debug/CMakeFiles/CMakeTmp/CheckSymbolExists.cxx:8:19: error: ‘Q_WS_QWS’ was not declared in this scope
   return ((int*)(&Q_WS_QWS))[argc];
                   ^~~~~~~~
/home/twak/code/2811_cw1/cmake-build-debug/CMakeFiles/CMakeTmp/CheckSymbolExists.cxx:8:19: note: suggested alternative: ‘Q_WS_X11’
   return ((int*)(&Q_WS_QWS))[argc];
                   ^~~~~~~~
                   Q_WS_X11
CMakeFiles/cmTC_c9adc.dir/build.make:65: recipe for target 'CMakeFiles/cmTC_c9adc.dir/CheckSymbolExists.cxx.o' failed
make[1]: *** [CMakeFiles/cmTC_c9adc.dir/CheckSymbolExists.cxx.o] Error 1
make[1]: Leaving directory '/home/twak/code/2811_cw1/cmake-build-debug/CMakeFiles/CMakeTmp'
Makefile:121: recipe for target 'cmTC_c9adc/fast' failed
make: *** [cmTC_c9adc/fast] Error 2


File /home/twak/code/2811_cw1/cmake-build-debug/CMakeFiles/CMakeTmp/CheckSymbolExists.cxx:
/* */
#include <QtCore/qglobal.h>

int main(int argc, char** argv)
{
  (void)argv;
#ifndef Q_WS_QWS
  return ((int*)(&Q_WS_QWS))[argc];
#else
  (void)argc;
  return 0;
#endif
}

Determining if the Q_WS_MAC exist failed with the following output:
Change Dir: /home/twak/code/2811_cw1/cmake-build-debug/CMakeFiles/CMakeTmp

Run Build Command(s):/usr/bin/make cmTC_15fb4/fast && /usr/bin/make -f CMakeFiles/cmTC_15fb4.dir/build.make CMakeFiles/cmTC_15fb4.dir/build
make[1]: Entering directory '/home/twak/code/2811_cw1/cmake-build-debug/CMakeFiles/CMakeTmp'
Building CXX object CMakeFiles/cmTC_15fb4.dir/CheckSymbolExists.cxx.o
/usr/bin/c++   -I/usr/include/qt4  -std=gnu++14 -o CMakeFiles/cmTC_15fb4.dir/CheckSymbolExists.cxx.o -c /home/twak/code/2811_cw1/cmake-build-debug/CMakeFiles/CMakeTmp/CheckSymbolExists.cxx
/home/twak/code/2811_cw1/cmake-build-debug/CMakeFiles/CMakeTmp/CheckSymbolExists.cxx: In function ‘int main(int, char**)’:
/home/twak/code/2811_cw1/cmake-build-debug/CMakeFiles/CMakeTmp/CheckSymbolExists.cxx:8:19: error: ‘Q_WS_MAC’ was not declared in this scope
   return ((int*)(&Q_WS_MAC))[argc];
                   ^~~~~~~~
/home/twak/code/2811_cw1/cmake-build-debug/CMakeFiles/CMakeTmp/CheckSymbolExists.cxx:8:19: note: suggested alternative: ‘Q_WS_X11’
   return ((int*)(&Q_WS_MAC))[argc];
                   ^~~~~~~~
                   Q_WS_X11
CMakeFiles/cmTC_15fb4.dir/build.make:65: recipe for target 'CMakeFiles/cmTC_15fb4.dir/CheckSymbolExists.cxx.o' failed
make[1]: *** [CMakeFiles/cmTC_15fb4.dir/CheckSymbolExists.cxx.o] Error 1
make[1]: Leaving directory '/home/twak/code/2811_cw1/cmake-build-debug/CMakeFiles/CMakeTmp'
Makefile:121: recipe for target 'cmTC_15fb4/fast' failed
make: *** [cmTC_15fb4/fast] Error 2


File /home/twak/code/2811_cw1/cmake-build-debug/CMakeFiles/CMakeTmp/CheckSymbolExists.cxx:
/* */
#include <QtCore/qglobal.h>

int main(int argc, char** argv)
{
  (void)argv;
#ifndef Q_WS_MAC
  return ((int*)(&Q_WS_MAC))[argc];
#else
  (void)argc;
  return 0;
#endif
}

